<?xml version="1.0" encoding="UTF-8"?>
<!-- Generated by org.testng.reporters.JUnitReportReporter -->
<testsuite hostname="ENE" failures="0" tests="1" name="BgTest.AboutUsTest" time="17.209" errors="0" timestamp="2022-09-15T07:50:20 WAT" skipped="0">
  <testcase classname="BgTest.AboutUsTest" name="Verify_Leadership_Button" time="17.209"/>
  <system-out/>
</testsuite> <!-- BgTest.AboutUsTest -->
