<?xml version="1.0" encoding="UTF-8"?>
<!-- Generated by org.testng.reporters.JUnitReportReporter -->
<testsuite hostname="ENE" failures="0" tests="2" name="BgTest.OurApproachTest" time="54.202" errors="0" timestamp="2022-08-24T11:59:30 WAT" skipped="0">
  <testcase classname="BgTest.OurApproachTest" name="VerifyOurModelButton" time="17.122"/>
  <system-out/>
  <testcase classname="BgTest.OurApproachTest" name="VerifyMemberStoriesButton" time="37.080"/>
  <system-out/>
</testsuite> <!-- BgTest.OurApproachTest -->
