<?xml version="1.0" encoding="UTF-8"?>
<!-- Generated by org.testng.reporters.JUnitReportReporter -->
<testsuite hostname="ENE" failures="0" tests="2" name="BgTest.AboutUsTest" time="92.467" errors="0" timestamp="2022-12-04T15:20:53 WAT" skipped="0">
  <testcase classname="BgTest.AboutUsTest" name="Verify_Leadership_Button" time="34.668"/>
  <system-out/>
  <testcase classname="BgTest.AboutUsTest" name="Verify_Who_We_Are_Button" time="57.799"/>
  <system-out/>
</testsuite> <!-- BgTest.AboutUsTest -->
