<?xml version="1.0" encoding="UTF-8"?>
<!-- Generated by org.testng.reporters.JUnitReportReporter -->
<testsuite hostname="ENE" failures="0" tests="1" name="HomePageTest" time="34.517" errors="0" timestamp="2022-08-08T07:00:58 WAT" skipped="0">
  <testcase classname="HomePageTest" name="VerifyMeetTheTeamHomePageButton" time="34.517"/>
  <system-out/>
</testsuite> <!-- HomePageTest -->
