<?xml version="1.0" encoding="UTF-8"?>
<!-- Generated by org.testng.reporters.JUnitReportReporter -->
<testsuite hostname="ENE" failures="0" tests="2" name="BgTest.AboutUsTest" time="335.596" errors="0" timestamp="2022-08-25T11:19:15 WAT" skipped="0">
  <testcase classname="BgTest.AboutUsTest" name="VerifyLeadershipButton" time="149.496"/>
  <system-out/>
  <testcase classname="BgTest.AboutUsTest" name="VerifyWhoWeAreButton" time="186.100"/>
  <system-out/>
</testsuite> <!-- BgTest.AboutUsTest -->
