<?xml version="1.0" encoding="UTF-8"?>
<!-- Generated by org.testng.reporters.JUnitReportReporter -->
<testsuite hostname="ENE" failures="0" tests="2" name="BgTest.AboutUsTest" time="44.780" errors="0" timestamp="2022-09-13T11:45:43 WAT" skipped="0">
  <testcase classname="BgTest.AboutUsTest" name="Verify_Who_We_Are_Button" time="23.532"/>
  <system-out/>
  <testcase classname="BgTest.AboutUsTest" name="Verify_Leadership_Button" time="21.248"/>
  <system-out/>
</testsuite> <!-- BgTest.AboutUsTest -->
