<?xml version="1.0" encoding="UTF-8"?>
<!-- Generated by org.testng.reporters.JUnitReportReporter -->
<testsuite hostname="ENE" failures="0" tests="1" name="BgTest.StaffSignInTest" time="23.329" errors="0" timestamp="2022-08-24T11:59:30 WAT" skipped="0">
  <testcase classname="BgTest.StaffSignInTest" name="VerifyStaffSignInButton" time="23.329"/>
  <system-out/>
</testsuite> <!-- BgTest.StaffSignInTest -->
