<?xml version="1.0" encoding="UTF-8"?>
<!-- Generated by org.testng.reporters.JUnitReportReporter -->
<testsuite hostname="ENE" failures="0" tests="8" name="BgTest.HomePageTest" time="214.991" errors="0" timestamp="2022-09-13T11:45:43 WAT" skipped="0">
  <testcase classname="BgTest.HomePageTest" name="Verify_Invest_In_The_Movement" time="33.347"/>
  <system-out/>
  <testcase classname="BgTest.HomePageTest" name="Verify_Theory_Of_Change_Download_Button" time="25.329"/>
  <system-out/>
  <testcase classname="BgTest.HomePageTest" name="Verify_News_Letter" time="31.723"/>
  <system-out/>
  <testcase classname="BgTest.HomePageTest" name="Verify_Accelerate_Your_Career_Button" time="33.749"/>
  <system-out/>
  <testcase classname="BgTest.HomePageTest" name="Verify_Home_Page_Video" time="15.377"/>
  <system-out/>
  <testcase classname="BgTest.HomePageTest" name="Verify_Meet_The_Team_Home_Page_Button" time="33.001"/>
  <system-out/>
  <testcase classname="BgTest.HomePageTest" name="Verify_Join_The_Movement" time="31.017"/>
  <system-out/>
  <testcase classname="BgTest.HomePageTest" name="Veriify_Home_Page_Logo" time="11.448"/>
  <system-out/>
</testsuite> <!-- BgTest.HomePageTest -->
