<?xml version="1.0" encoding="UTF-8"?>
<!-- Generated by org.testng.reporters.JUnitReportReporter -->
<testsuite hostname="ENE" failures="0" tests="1" name="BgTest.CareerPageTest" time="57.307" errors="0" timestamp="2022-09-13T12:31:42 WAT" skipped="0">
  <testcase classname="BgTest.CareerPageTest" name="Verify_User_Can_Create_Account" time="57.307"/>
  <system-out/>
</testsuite> <!-- BgTest.CareerPageTest -->
