<?xml version="1.0" encoding="UTF-8"?>
<!-- Generated by org.testng.reporters.JUnitReportReporter -->
<testsuite hostname="ENE" failures="0" tests="8" name="BgTest.HomePageTest" time="144.888" errors="0" timestamp="2022-08-24T11:59:30 WAT" skipped="0">
  <testcase classname="BgTest.HomePageTest" name="VerifyJoinTheMovement" time="18.662"/>
  <system-out/>
  <testcase classname="BgTest.HomePageTest" name="VerifyHomePageVideo" time="13.789"/>
  <system-out/>
  <testcase classname="BgTest.HomePageTest" name="VerifyMeetTheTeamHomePageButton" time="23.700"/>
  <system-out/>
  <testcase classname="BgTest.HomePageTest" name="VerifyTheoryOfChangeDownloadButton" time="14.852"/>
  <system-out/>
  <testcase classname="BgTest.HomePageTest" name="VerifyNewsLetter" time="20.918"/>
  <system-out/>
  <testcase classname="BgTest.HomePageTest" name="VerifyAccelerateYourCareerButton" time="17.209"/>
  <system-out/>
  <testcase classname="BgTest.HomePageTest" name="VeriifyHomePageLogo" time="14.498"/>
  <system-out/>
  <testcase classname="BgTest.HomePageTest" name="VerifyInvestInTheMovement" time="21.260"/>
  <system-out/>
</testsuite> <!-- BgTest.HomePageTest -->
