<?xml version="1.0" encoding="UTF-8"?>
<!-- Generated by org.testng.reporters.JUnitReportReporter -->
<testsuite hostname="ENE" failures="0" tests="2" name="BgTest.OurApproachTest" time="56.148" errors="0" timestamp="2022-09-13T11:45:43 WAT" skipped="0">
  <testcase classname="BgTest.OurApproachTest" name="Verify_Member_Stories_Button" time="36.059"/>
  <system-out/>
  <testcase classname="BgTest.OurApproachTest" name="Verify_Our_Model_Button" time="20.089"/>
  <system-out/>
</testsuite> <!-- BgTest.OurApproachTest -->
