<?xml version="1.0" encoding="UTF-8"?>
<!-- Generated by org.testng.reporters.JUnitReportReporter -->
<testsuite hostname="ENE" failures="0" tests="1" name="BgTest.CareerPageTest" time="52.262" errors="0" timestamp="2022-09-14T13:57:57 WAT" skipped="0">
  <testcase classname="BgTest.CareerPageTest" name="Verify_User_Can_Create_Account" time="52.262"/>
  <system-out/>
</testsuite> <!-- BgTest.CareerPageTest -->
