<?xml version="1.0" encoding="UTF-8"?>
<!-- Generated by org.testng.reporters.JUnitReportReporter -->
<testsuite hostname="ENE" failures="0" tests="1" name="BgTest.StaffSignInTest" time="27.124" errors="0" timestamp="2022-09-13T11:45:43 WAT" skipped="0">
  <testcase classname="BgTest.StaffSignInTest" name="Verify_Staff_SignIn_Button" time="27.124"/>
  <system-out/>
</testsuite> <!-- BgTest.StaffSignInTest -->
